|SourceProjectName:ZenZefi.hpr
|DestinationProjectName:index.htm
index_hha.hhk
index.hhc
index.hhk
Commands_for_the_CLI.htm
Function_description.htm
Home.htm
Home_ZZ.htm
How_to_install_and_start_the_software.htm
Introduction.htm
ZenZefi_Troubleshooting.htm
DaimlerCS-Regular.ttf
template\ZenZefi\usersettings.js
index.glo
Commands_for_the_CLI.css
Home.css
How_to_install_and_start_the_software.css
Introduction.css
template\ZenZefi\layout-rtl.css
template\ZenZefi\layout.css
Function_description.css
Pictures\chapter5\import_successful.png
Pictures\chapter3\zenzefi_forgot_my_local_password_button_online_login.png
Pictures\chapter3\zenzefi_manually_selected_certificates.png
Pictures\chapter5\certificate_import_wizard_location.png
Pictures\chapter3\zenzefi_download_log_file.png
Pictures\chapter3\zenzefi_check_system_integrity.png
template\ZenZefi\toc_book_closed_desktop_rtl.png
template\ZenZefi\search_desktop.png
template\ZenZefi\preview\sidebar-mobile.png
template\ZenZefi\preview\sidebar-tablet.png
Pictures\chapter5\zenzefi_program_files.png
Pictures\chapter3\zenzefi_certificate_details_fields.png
Pictures\chapter2\zenzefi_uninstall_windows_start_menu.png
template\ZenZefi\print_desktop.png
template\ZenZefi\index_desktop.png
template\ZenZefi\toc_desktop.png
template\ZenZefi\next_tab.png
template\ZenZefi\preview\glossary-mobile.png
template\ZenZefi\preview\toc.png
template\ZenZefi\preview\sidebar-desktop.png
Pictures\chapter3\zenzefi_bookmark_ff.png
Pictures\chapter3\zenzefi_main_page.png
Pictures\chapter3\zenzefi_deletion_warning_message.png
Pictures\chapter3\zenzefi_proxy.png
template\ZenZefi\search_desktop_active.png
template\ZenZefi\toc_tab.png
template\ZenZefi\previous_tab_active.png
template\ZenZefi\glossary_mobile.png
template\ZenZefi\toc_mobile.png
template\ZenZefi\toc_book_open_drildown.png
template\ZenZefi\toc_topic_mobile.png
template\ZenZefi\preview\layout-media-queries.png
Pictures\chapter5\user_has_no_permissions.png
Pictures\chapter3\zenzefi_vsm_simulation_ecu_certificates_vs_regular_ecu_certificates.png
Pictures\chapter3\zenzefi_manual_selection_of_certificates_button.png
Pictures\chapter5\zenzefi_as_java_application_start.png
Pictures\chapter3\zenzefi_local_login.png
template\ZenZefi\glossary_desktop.png
template\ZenZefi\toc_tab_active.png
template\ZenZefi\andsearch_mark.png
template\ZenZefi\preview\toc-mobile.png
template\ZenZefi\preview\functionbar-mobile.png
Pictures\chapter3\zenzefi_date_picker.PNG
Pictures\chapter3\help_button.png
Pictures\chapter5\zenzefi_started_as_java_application.png
Pictures\chapter2\zenzefi_installation_as_windows_service.png
template\ZenZefi\previous_tab.png
template\ZenZefi\search_mobile_active.png
template\ZenZefi\back_mobile_filter.png
template\ZenZefi\toc_mobile_active.png
template\ZenZefi\preview\filter-mobile.png
template\ZenZefi\preview\glossary-desktop.png
image7.png
Pictures\chapter3\installation_details_button.png
Pictures\chapter3\zenzefi_forgot_my_local_password_dialog.png
Pictures\chapter2\zenzefi_in_windows_task_manager_and_control_panel.png
template\ZenZefi\toc_link_mobile_ltr.png
template\ZenZefi\filter_tab_applied.png
template\ZenZefi\glossary_tab.png
template\ZenZefi\filter_tab_active.png
template\ZenZefi\filter_mobile_applied.png
template\ZenZefi\filter_mobile_applied_active.png
template\ZenZefi\filter_mark_radio.png
template\ZenZefi\toc_link_mobile_rtl.png
image2.png
Pictures\chapter3\zenzefi_bookmark_edge.png
Pictures\chapter5\install_certificate.png
Pictures\chapter2\zenzefi_program_in_windows_start_menu.png
template\ZenZefi\toc_book_closed_desktop_ltr.png
template\ZenZefi\search_tab_active.png
Pictures\chapter3\xentry_login.png
Pictures\chapter3\zenzefi_validate_certificates.png
Pictures\chapter3\zenzefi_manual_selection_of_certificates.png
Pictures\chapter3\zenzefi_installation_details.png
Pictures\chapter3\zenzefi_start_screen_english.png
Pictures\chapter2\zenzefi_installer_ready_to_install.png
template\ZenZefi\next.png
template\ZenZefi\filter_tab_applied_active.png
template\ZenZefi\glossary_tab_active.png
template\ZenZefi\index_tab_active.png
template\ZenZefi\logo.png
template\ZenZefi\preview\index-desktop.png
Pictures\chapter3\zenzefi_autologout_setting.png
Pictures\chapter2\zenzefi_installer_fnish_installation.png
template\ZenZefi\preview\mobile_header.png
Pictures\chapter3\zenzefi_logout_button.png
Pictures\chapter3\zenzefi_logout_backend.PNG
Pictures\chapter5\windows_task_manager.png
Pictures\chapter3\button_filter.png
Pictures\chapter3\button_delete.png
Pictures\chapter3\button_system.png
Pictures\chapter3\button_update.png
Pictures\chapter2\zenzefi_silent_installer.png
template\ZenZefi\slider_ltr.png
template\ZenZefi\previous_active.png
template\ZenZefi\slider_rtl.png
template\ZenZefi\search_desktop_navigation.png
template\ZenZefi\search_tab.png
template\ZenZefi\filter_tab.png
template\ZenZefi\index_mobile.png
template\ZenZefi\index_mobile_active.png
template\ZenZefi\previous_mobile.png
template\ZenZefi\social_open.png
template\ZenZefi\toc_book_open_desktop.png
Pictures\chapter3\zenzefi_logout_message_offline.png
Pictures\chapter3\zenzefi_remain_login_time.png
Pictures\chapter3\update_certificates.png
Pictures\chapter3\zenzefi_export_certificates.png
Pictures\chapter2\zenzefi_installer_startup_page.png
Pictures\chapter2\zenzefi_update.png
template\ZenZefi\next_tab_active.png
template\ZenZefi\search_mobile_navigation.png
template\ZenZefi\next_mobile.png
template\ZenZefi\andsearch_nomark.png
Pictures\chapter3\zenzefi_automatic_certificate_selection.png
Pictures\chapter3\zenzefi_delete_certificates_automatically.png
Pictures\chapter3\zenzefi_autologout_dialog.png
Pictures\chapter3\zenzefi_remain_login_time_hover_mouse.png
Pictures\chapter5\certificate_import_wizard.png
Pictures\chapter3\button_export.png
Pictures\chapter3\button_import.png
Pictures\chapter3\zenzefi_local_password_for_daimler_employee.png
Pictures\chapter3\zenzefi_backend_login_for_daimler_employees.png
template\ZenZefi\slider_open_ltr.png
template\ZenZefi\remove.png
template\ZenZefi\slider_open_rtl.png
template\ZenZefi\filter_desktop.png
template\ZenZefi\filter_mobile_active.png
template\ZenZefi\previous_mobile_active.png
template\ZenZefi\filter_clearall.png
template\ZenZefi\preview\search-desktop.png
template\ZenZefi\preview\functionbar-tablet.png
template\ZenZefi\preview\functionbar-desktop.png
template\ZenZefi\preview\content.png
template\ZenZefi\preview\user-settings.png
Pictures\chapter3\zenzefi_certificate_table.png
Pictures\chapter3\zenzefi_prority.png
Pictures\chapter3\zenzefi_context_menu.png
Pictures\chapter3\zenzefi_validity_period.png
Pictures\chapter5\java_version.png
Pictures\chapter2\zenzefi_rollback.png
gray_right.gif
template\ZenZefi\social_close_ltr.png
template\ZenZefi\index_tab.png
template\ZenZefi\glossary_mobile_active.png
template\ZenZefi\toc_book_open_mobile.png
template\ZenZefi\toc_topic_desktop.png
Pictures\chapter3\zenzefi_bookmark_chrome.png
Pictures\chapter3\zenzefi_forgot_my_local_password_button.png
Pictures\chapter3\zenzefi_ecu_certificate_folder.png
Pictures\chapter5\select_certificate_store.png
Pictures\chapter3\zenzefi_certificates_table_columns.png
Pictures\chapter2\zenzefi_uninstall_dialog.png
Pictures\chapter2\zenzefi_installer_in_progress.png
template\ZenZefi\previous.png
template\ZenZefi\filter_nomark_radio.png
Pictures\chapter3\button_manual_selection.png
Pictures\chapter3\update_cancelled.png
Pictures\chapter3\button_column_selection.png
template\ZenZefi\next_active.png
template\ZenZefi\filter_desktop_applied.png
template\ZenZefi\back_to_topic.png
template\ZenZefi\filter_mark.png
template\ZenZefi\preview\social.png
template\ZenZefi\preview\filter.png
template\ZenZefi\preview\index-mobile.png
template\ZenZefi\preview\search.png
template\ZenZefi\preview\header.png
clip_image002.png
Pictures\chapter3\zenzefi_manual_selection_of_certificates_enhanced_rights.png
Pictures\chapter3\button_restore.png
Pictures\chapter2\zenzefi_uninstall_in_pogress.png
template\ZenZefi\toc_link_desktop_ltr.png
template\ZenZefi\toc_book_closed_mobile_ltr.png
template\ZenZefi\filter_mobile.png
template\ZenZefi\search_mobile_navigation_active.png
template\ZenZefi\next_mobile_active.png
template\ZenZefi\search_mobile.png
template\ZenZefi\filter_nomark.png
template\ZenZefi\toc_link_desktop_rtl.png
template\ZenZefi\toc_book_closed_mobile_rtl.png
Pictures\chapter5\security_warning.png
Pictures\chapter3\i_button.png
Pictures\chapter3\zenzefi_proxy_manual.png
Pictures\chapter5\untrusted_certificate.png
Pictures\chapter5\check_if_zenzefi_javaw.exe_32_or_java.exe_is_running.png
Pictures\chapter3\zenzefi_logging.png
Pictures\chapter3\button_refresh_certificates.png
Pictures\chapter3\zenzefi_after_sales_ui.png
template\ZenZefi\top.png
template\ZenZefi\social_close_rtl.png
template\ZenZefi\idx_topic.png
template\ZenZefi\loading.gif
ehlpdhtm.js
index.ppf
index.htm
SearchOptions.xml
RoboHHRE.lng
whxdata\toc2.js
whxdata\toc2.new.js
whxdata\toc3.js
whxdata\toc3.new.js
whxdata\toc1.js
whxdata\toc1.new.js
whxdata\toc5.js
whxdata\toc5.new.js
whxdata\toc6.js
whxdata\toc6.new.js
whxdata\toc4.js
whxdata\toc4.new.js
whxdata\toc8.js
whxdata\toc8.new.js
whxdata\toc9.js
whxdata\toc9.new.js
whxdata\toc10.js
whxdata\toc10.new.js
whxdata\toc11.js
whxdata\toc11.new.js
whxdata\toc7.js
whxdata\toc7.new.js
whxdata\toc13.js
whxdata\toc13.new.js
whxdata\toc14.js
whxdata\toc14.new.js
whxdata\toc12.js
whxdata\toc12.new.js
whxdata\toc.js
whxdata\toc.new.js
whxdata\idata1.js
whxdata\idata1.new.js
whxdata\idata2.js
whxdata\idata2.new.js
whxdata\idx.js
whxdata\idx.new.js
whxdata\glo.js
whxdata\glo.new.js
whxdata\package_0_xml.js
whxdata\package_1_xml.js
whxdata\package_2_xml.js
whxdata\package_3_xml.js
whxdata\package_4_xml.js
whxdata\package_5_xml.js
whxdata\package_6_xml.js
whxdata\package_7_xml.js
whxdata\package_8_xml.js
whxdata\package_9_xml.js
whxdata\package_10_xml.js
whxdata\package_11_xml.js
whxdata\package_12_xml.js
whxdata\packageindex_xml.js
whxdata\synonym.xml
whxdata\synonym_xml.js
whxdata\topictable_0_xml.js
whxdata\topictableindex_xml.js
whxdata\whfts.xml
whxdata\whfts_xml.js
whxdata\csh.js
whxdata\window.js
projectdata.js
